<?xml version="1.0" encoding="UTF-8"?>
<!-- Generated by org.testng.reporters.JUnitReportReporter -->
<testsuite hostname="LAPTOP-RVGEIIPN" failures="0" tests="1" name="testng01.Ebay" time="16.954" errors="0" timestamp="2023-08-12T11:43:11 IST" skipped="0">
  <testcase classname="testng01.Ebay" name="Brower" time="16.954"/>
  <system-out/>
</testsuite> <!-- testng01.Ebay -->
